<?xml version="1.0" encoding="UTF-8"?>
<!-- Generated by org.testng.reporters.JUnitXMLReporter -->
<testsuite ignored="0" hostname="DESKTOP-0OH831K" failures="0" tests="3" name="Default test" time="6.184" errors="0" timestamp="2024-08-11T22:00:45 EET">
  <testcase classname="thirdProjectAuto.MyTestcases" name="loginTest" time="0.305"/>
  <testcase classname="thirdProjectAuto.MyTestcases" name="addToCardallItems" time="4.235"/>
  <testcase classname="thirdProjectAuto.MyTestcases" name="removeAllitemsFromCard" time="0.248"/>
</testsuite> <!-- Default test -->
