<?xml version="1.0" encoding="UTF-8"?>
<testng-results ignored="0" total="3" passed="3" failed="0" skipped="0">
  <reporter-output>
  </reporter-output>
  <suite started-at="2024-08-11T22:00:39 EET" name="Default suite" finished-at="2024-08-11T22:00:45 EET" duration-ms="6184">
    <groups>
    </groups>
    <test started-at="2024-08-11T22:00:39 EET" name="Default test" finished-at="2024-08-11T22:00:45 EET" duration-ms="6184">
      <class name="thirdProjectAuto.MyTestcases">
        <test-method is-config="true" signature="mysetUp()[pri:0, instance:thirdProjectAuto.MyTestcases@235f4c10]" started-at="2024-08-11T22:00:39 EET" name="mysetUp" finished-at="2024-08-11T22:00:40 EET" duration-ms="1346" status="PASS">
          <reporter-output>
          </reporter-output>
        </test-method> <!-- mysetUp -->
        <test-method signature="loginTest()[pri:1, instance:thirdProjectAuto.MyTestcases@235f4c10]" started-at="2024-08-11T22:00:40 EET" name="loginTest" finished-at="2024-08-11T22:00:40 EET" duration-ms="305" status="PASS">
          <reporter-output>
          </reporter-output>
        </test-method> <!-- loginTest -->
        <test-method signature="addToCardallItems()[pri:2, instance:thirdProjectAuto.MyTestcases@235f4c10]" started-at="2024-08-11T22:00:40 EET" name="addToCardallItems" finished-at="2024-08-11T22:00:44 EET" duration-ms="4235" status="PASS">
          <reporter-output>
          </reporter-output>
        </test-method> <!-- addToCardallItems -->
        <test-method signature="removeAllitemsFromCard()[pri:3, instance:thirdProjectAuto.MyTestcases@235f4c10]" started-at="2024-08-11T22:00:45 EET" name="removeAllitemsFromCard" finished-at="2024-08-11T22:00:45 EET" duration-ms="248" status="PASS">
          <reporter-output>
          </reporter-output>
        </test-method> <!-- removeAllitemsFromCard -->
      </class> <!-- thirdProjectAuto.MyTestcases -->
    </test> <!-- Default test -->
  </suite> <!-- Default suite -->
</testng-results>
